<?xml version="1.0" encoding="UTF-8"?>
<!-- Generated by org.testng.reporters.JUnitXMLReporter -->
<testsuite ignored="0" hostname="Prakash" failures="0" tests="5" name="End_To_End_EventFlow" time="324.99" errors="0" timestamp="2023-06-23T13:18:04 IST">
  <testcase classname="org.aapium.EndToEnd_SE_Flow" name="TDflow" time="121.751"/>
  <testcase classname="org.aapium.EndToEnd_SE_Flow" name="SC_Admin_flow" time="23.004"/>
  <testcase classname="org.aapium.EndToEnd_SE_Flow" name="SP_Tech_Flow" time="117.257"/>
  <testcase classname="org.aapium.EndToEnd_SE_Flow" name="SP_Admin_Complete_Flow" time="25.606"/>
  <testcase classname="org.aapium.EndToEnd_SE_Flow" name="TD_Admin_Approve_Flow" time="15.373"/>
</testsuite> <!-- End_To_End_EventFlow -->
