<?xml version="1.0" encoding="UTF-8"?>
<!-- Generated by org.testng.reporters.JUnitXMLReporter -->
<testsuite ignored="0" hostname="Prakash" failures="1" tests="1" name="End_To_End_EventFlow" time="45.095" errors="0" timestamp="2023-10-11T16:57:38 IST">
  <testcase classname="org.aapium.TDActions" name="TDflow" time="14.106">
    <failure type="java.lang.AssertionError" message="expected [Confirm thiss address] but found [Confirm this address]">
      <![CDATA[java.lang.AssertionError: expected [Confirm thiss address] but found [Confirm this address]
at org.aapium.TDActions.TDflow(TDActions.java:32)
]]>
    </failure>
  </testcase> <!-- TDflow -->
</testsuite> <!-- End_To_End_EventFlow -->
