<?xml version="1.0" encoding="UTF-8"?>
<!-- Generated by org.testng.reporters.JUnitXMLReporter -->
<testsuite ignored="0" hostname="Prakash" failures="0" tests="4" name="SPFlows" time="7.017" errors="0" timestamp="2022-12-19T16:16:06 IST">
  <testcase classname="org.aapium.BasicCodesToStartApp" name="@BeforeClass configuration" time="1.761">
    <failure type="org.openqa.selenium.SessionNotCreatedException" message="Could not start a new session. Response code 500. Message: An unknown server-side error occurred while processing the command. Original error: Error executing adbExec. Original error: &amp;apos;Command &amp;apos;C:\\Users\\91934\\AppData\\Local\\Android\\Sdk\\platform-tools\\adb.exe -P 5037 -s emulator-5554 shell &amp;apos;settings delete global hidden_api_policy_pre_p_apps;settings delete global hidden_api_policy_p_apps;settings delete global hidden_api_policy&amp;apos;&amp;apos; exited with code 20&amp;apos;; Command output: cmd: Can&amp;apos;t find service: settings
cmd: Can&amp;apos;t find service: settings
cmd: Can&amp;apos;t find service: settings

Build info: version: &amp;apos;4.3.0&amp;apos;, revision: &amp;apos;a4995e2c09*&amp;apos;
System info: host: &amp;apos;PRAKASH&amp;apos;, ip: &amp;apos;192.168.43.183&amp;apos;, os.name: &amp;apos;Windows 11&amp;apos;, os.arch: &amp;apos;amd64&amp;apos;, os.version: &amp;apos;10.0&amp;apos;, java.version: &amp;apos;11.0.17&amp;apos;
Driver info: io.appium.java_client.android.AndroidDriver
Command: [null, newSession {capabilities=[{appium:deviceName=Android emulator, platformName=ANDROID, appium:automationName=UIAutomator2, appium:app=C:\Users\91934\eclipse-workspace\appium\src\test\java\resources\Network-Exception-Oct-12-App-Testing-Release.apk}], desiredCapabilities=Capabilities {appium:app: C:\Users\91934\eclipse-work..., appium:automationName: UIAutomator2, appium:deviceName: Android emulator, platformName: ANDROID}}]
Capabilities {}">
      <![CDATA[org.openqa.selenium.SessionNotCreatedException: Could not start a new session. Response code 500. Message: An unknown server-side error occurred while processing the command. Original error: Error executing adbExec. Original error: 'Command 'C:\\Users\\91934\\AppData\\Local\\Android\\Sdk\\platform-tools\\adb.exe -P 5037 -s emulator-5554 shell 'settings delete global hidden_api_policy_pre_p_apps;settings delete global hidden_api_policy_p_apps;settings delete global hidden_api_policy'' exited with code 20'; Command output: cmd: Can't find service: settings
cmd: Can't find service: settings
cmd: Can't find service: settings

Build info: version: '4.3.0', revision: 'a4995e2c09*'
System info: host: 'PRAKASH', ip: '192.168.43.183', os.name: 'Windows 11', os.arch: 'amd64', os.version: '10.0', java.version: '11.0.17'
Driver info: io.appium.java_client.android.AndroidDriver
Command: [null, newSession {capabilities=[{appium:deviceName=Android emulator, platformName=ANDROID, appium:automationName=UIAutomator2, appium:app=C:\Users\91934\eclipse-workspace\appium\src\test\java\resources\Network-Exception-Oct-12-App-Testing-Release.apk}], desiredCapabilities=Capabilities {appium:app: C:\Users\91934\eclipse-work..., appium:automationName: UIAutomator2, appium:deviceName: Android emulator, platformName: ANDROID}}]
Capabilities {}
at org.openqa.selenium.remote.ProtocolHandshake.createSession(ProtocolHandshake.java:144)
at io.appium.java_client.remote.AppiumProtocolHandshake.createSession(AppiumProtocolHandshake.java:126)
at io.appium.java_client.remote.AppiumProtocolHandshake.createSession(AppiumProtocolHandshake.java:102)
at io.appium.java_client.remote.AppiumCommandExecutor.createSession(AppiumCommandExecutor.java:146)
at io.appium.java_client.remote.AppiumCommandExecutor.execute(AppiumCommandExecutor.java:180)
at org.openqa.selenium.remote.RemoteWebDriver.execute(RemoteWebDriver.java:569)
at io.appium.java_client.AppiumDriver.startSession(AppiumDriver.java:224)
at org.openqa.selenium.remote.RemoteWebDriver.<init>(RemoteWebDriver.java:179)
at io.appium.java_client.AppiumDriver.<init>(AppiumDriver.java:79)
at io.appium.java_client.AppiumDriver.<init>(AppiumDriver.java:87)
at io.appium.java_client.android.AndroidDriver.<init>(AndroidDriver.java:116)
at org.aapium.BasicCodesToStartApp.configuration(BasicCodesToStartApp.java:41)
at java.base/java.util.ArrayList.forEach(ArrayList.java:1541)
... Removed 29 stack frames]]>
    </failure>
  </testcase> <!-- @BeforeClass configuration -->
  <testcase classname="org.aapium.BasicCodesToStartApp" name="@BeforeClass configuration" time="0.969">
    <failure type="org.openqa.selenium.SessionNotCreatedException" message="Could not start a new session. Response code 500. Message: An unknown server-side error occurred while processing the command. Original error: Error executing adbExec. Original error: &amp;apos;Command &amp;apos;C:\\Users\\91934\\AppData\\Local\\Android\\Sdk\\platform-tools\\adb.exe -P 5037 -s emulator-5554 shell &amp;apos;settings delete global hidden_api_policy_pre_p_apps;settings delete global hidden_api_policy_p_apps;settings delete global hidden_api_policy&amp;apos;&amp;apos; exited with code 20&amp;apos;; Command output: cmd: Can&amp;apos;t find service: settings
cmd: Can&amp;apos;t find service: settings
cmd: Can&amp;apos;t find service: settings

Build info: version: &amp;apos;4.3.0&amp;apos;, revision: &amp;apos;a4995e2c09*&amp;apos;
System info: host: &amp;apos;PRAKASH&amp;apos;, ip: &amp;apos;192.168.43.183&amp;apos;, os.name: &amp;apos;Windows 11&amp;apos;, os.arch: &amp;apos;amd64&amp;apos;, os.version: &amp;apos;10.0&amp;apos;, java.version: &amp;apos;11.0.17&amp;apos;
Driver info: io.appium.java_client.android.AndroidDriver
Command: [null, newSession {capabilities=[{appium:deviceName=Android emulator, platformName=ANDROID, appium:automationName=UIAutomator2, appium:app=C:\Users\91934\eclipse-workspace\appium\src\test\java\resources\Network-Exception-Oct-12-App-Testing-Release.apk}], desiredCapabilities=Capabilities {appium:app: C:\Users\91934\eclipse-work..., appium:automationName: UIAutomator2, appium:deviceName: Android emulator, platformName: ANDROID}}]
Capabilities {}">
      <![CDATA[org.openqa.selenium.SessionNotCreatedException: Could not start a new session. Response code 500. Message: An unknown server-side error occurred while processing the command. Original error: Error executing adbExec. Original error: 'Command 'C:\\Users\\91934\\AppData\\Local\\Android\\Sdk\\platform-tools\\adb.exe -P 5037 -s emulator-5554 shell 'settings delete global hidden_api_policy_pre_p_apps;settings delete global hidden_api_policy_p_apps;settings delete global hidden_api_policy'' exited with code 20'; Command output: cmd: Can't find service: settings
cmd: Can't find service: settings
cmd: Can't find service: settings

Build info: version: '4.3.0', revision: 'a4995e2c09*'
System info: host: 'PRAKASH', ip: '192.168.43.183', os.name: 'Windows 11', os.arch: 'amd64', os.version: '10.0', java.version: '11.0.17'
Driver info: io.appium.java_client.android.AndroidDriver
Command: [null, newSession {capabilities=[{appium:deviceName=Android emulator, platformName=ANDROID, appium:automationName=UIAutomator2, appium:app=C:\Users\91934\eclipse-workspace\appium\src\test\java\resources\Network-Exception-Oct-12-App-Testing-Release.apk}], desiredCapabilities=Capabilities {appium:app: C:\Users\91934\eclipse-work..., appium:automationName: UIAutomator2, appium:deviceName: Android emulator, platformName: ANDROID}}]
Capabilities {}
at org.openqa.selenium.remote.ProtocolHandshake.createSession(ProtocolHandshake.java:144)
at io.appium.java_client.remote.AppiumProtocolHandshake.createSession(AppiumProtocolHandshake.java:126)
at io.appium.java_client.remote.AppiumProtocolHandshake.createSession(AppiumProtocolHandshake.java:102)
at io.appium.java_client.remote.AppiumCommandExecutor.createSession(AppiumCommandExecutor.java:146)
at io.appium.java_client.remote.AppiumCommandExecutor.execute(AppiumCommandExecutor.java:180)
at org.openqa.selenium.remote.RemoteWebDriver.execute(RemoteWebDriver.java:569)
at io.appium.java_client.AppiumDriver.startSession(AppiumDriver.java:224)
at org.openqa.selenium.remote.RemoteWebDriver.<init>(RemoteWebDriver.java:179)
at io.appium.java_client.AppiumDriver.<init>(AppiumDriver.java:79)
at io.appium.java_client.AppiumDriver.<init>(AppiumDriver.java:87)
at io.appium.java_client.android.AndroidDriver.<init>(AndroidDriver.java:116)
at org.aapium.BasicCodesToStartApp.configuration(BasicCodesToStartApp.java:41)
at java.base/java.util.ArrayList.forEach(ArrayList.java:1541)
... Removed 29 stack frames]]>
    </failure>
  </testcase> <!-- @BeforeClass configuration -->
  <testcase classname="org.aapium.BasicCodesToStartApp" name="@BeforeClass configuration" time="1.711">
    <failure type="org.openqa.selenium.SessionNotCreatedException" message="Could not start a new session. Response code 500. Message: An unknown server-side error occurred while processing the command. Original error: Error executing adbExec. Original error: &amp;apos;Command &amp;apos;C:\\Users\\91934\\AppData\\Local\\Android\\Sdk\\platform-tools\\adb.exe -P 5037 -s emulator-5554 shell &amp;apos;settings delete global hidden_api_policy_pre_p_apps;settings delete global hidden_api_policy_p_apps;settings delete global hidden_api_policy&amp;apos;&amp;apos; exited with code 20&amp;apos;; Command output: cmd: Can&amp;apos;t find service: settings
cmd: Can&amp;apos;t find service: settings
cmd: Can&amp;apos;t find service: settings

Build info: version: &amp;apos;4.3.0&amp;apos;, revision: &amp;apos;a4995e2c09*&amp;apos;
System info: host: &amp;apos;PRAKASH&amp;apos;, ip: &amp;apos;192.168.43.183&amp;apos;, os.name: &amp;apos;Windows 11&amp;apos;, os.arch: &amp;apos;amd64&amp;apos;, os.version: &amp;apos;10.0&amp;apos;, java.version: &amp;apos;11.0.17&amp;apos;
Driver info: io.appium.java_client.android.AndroidDriver
Command: [null, newSession {capabilities=[{appium:deviceName=Android emulator, platformName=ANDROID, appium:automationName=UIAutomator2, appium:app=C:\Users\91934\eclipse-workspace\appium\src\test\java\resources\Network-Exception-Oct-12-App-Testing-Release.apk}], desiredCapabilities=Capabilities {appium:app: C:\Users\91934\eclipse-work..., appium:automationName: UIAutomator2, appium:deviceName: Android emulator, platformName: ANDROID}}]
Capabilities {}">
      <![CDATA[org.openqa.selenium.SessionNotCreatedException: Could not start a new session. Response code 500. Message: An unknown server-side error occurred while processing the command. Original error: Error executing adbExec. Original error: 'Command 'C:\\Users\\91934\\AppData\\Local\\Android\\Sdk\\platform-tools\\adb.exe -P 5037 -s emulator-5554 shell 'settings delete global hidden_api_policy_pre_p_apps;settings delete global hidden_api_policy_p_apps;settings delete global hidden_api_policy'' exited with code 20'; Command output: cmd: Can't find service: settings
cmd: Can't find service: settings
cmd: Can't find service: settings

Build info: version: '4.3.0', revision: 'a4995e2c09*'
System info: host: 'PRAKASH', ip: '192.168.43.183', os.name: 'Windows 11', os.arch: 'amd64', os.version: '10.0', java.version: '11.0.17'
Driver info: io.appium.java_client.android.AndroidDriver
Command: [null, newSession {capabilities=[{appium:deviceName=Android emulator, platformName=ANDROID, appium:automationName=UIAutomator2, appium:app=C:\Users\91934\eclipse-workspace\appium\src\test\java\resources\Network-Exception-Oct-12-App-Testing-Release.apk}], desiredCapabilities=Capabilities {appium:app: C:\Users\91934\eclipse-work..., appium:automationName: UIAutomator2, appium:deviceName: Android emulator, platformName: ANDROID}}]
Capabilities {}
at org.openqa.selenium.remote.ProtocolHandshake.createSession(ProtocolHandshake.java:144)
at io.appium.java_client.remote.AppiumProtocolHandshake.createSession(AppiumProtocolHandshake.java:126)
at io.appium.java_client.remote.AppiumProtocolHandshake.createSession(AppiumProtocolHandshake.java:102)
at io.appium.java_client.remote.AppiumCommandExecutor.createSession(AppiumCommandExecutor.java:146)
at io.appium.java_client.remote.AppiumCommandExecutor.execute(AppiumCommandExecutor.java:180)
at org.openqa.selenium.remote.RemoteWebDriver.execute(RemoteWebDriver.java:569)
at io.appium.java_client.AppiumDriver.startSession(AppiumDriver.java:224)
at org.openqa.selenium.remote.RemoteWebDriver.<init>(RemoteWebDriver.java:179)
at io.appium.java_client.AppiumDriver.<init>(AppiumDriver.java:79)
at io.appium.java_client.AppiumDriver.<init>(AppiumDriver.java:87)
at io.appium.java_client.android.AndroidDriver.<init>(AndroidDriver.java:116)
at org.aapium.BasicCodesToStartApp.configuration(BasicCodesToStartApp.java:41)
at java.base/java.util.ArrayList.forEach(ArrayList.java:1541)
... Removed 29 stack frames]]>
    </failure>
  </testcase> <!-- @BeforeClass configuration -->
  <testcase classname="org.aapium.BasicCodesToStartApp" name="@BeforeClass configuration" time="2.519">
    <failure type="org.openqa.selenium.SessionNotCreatedException" message="Could not start a new session. Response code 500. Message: An unknown server-side error occurred while processing the command. Original error: Error executing adbExec. Original error: &amp;apos;Command &amp;apos;C:\\Users\\91934\\AppData\\Local\\Android\\Sdk\\platform-tools\\adb.exe -P 5037 -s emulator-5554 shell &amp;apos;settings delete global hidden_api_policy_pre_p_apps;settings delete global hidden_api_policy_p_apps;settings delete global hidden_api_policy&amp;apos;&amp;apos; exited with code 20&amp;apos;; Command output: cmd: Can&amp;apos;t find service: settings
cmd: Can&amp;apos;t find service: settings
cmd: Can&amp;apos;t find service: settings

Build info: version: &amp;apos;4.3.0&amp;apos;, revision: &amp;apos;a4995e2c09*&amp;apos;
System info: host: &amp;apos;PRAKASH&amp;apos;, ip: &amp;apos;192.168.43.183&amp;apos;, os.name: &amp;apos;Windows 11&amp;apos;, os.arch: &amp;apos;amd64&amp;apos;, os.version: &amp;apos;10.0&amp;apos;, java.version: &amp;apos;11.0.17&amp;apos;
Driver info: io.appium.java_client.android.AndroidDriver
Command: [null, newSession {capabilities=[{appium:deviceName=Android emulator, platformName=ANDROID, appium:automationName=UIAutomator2, appium:app=C:\Users\91934\eclipse-workspace\appium\src\test\java\resources\Network-Exception-Oct-12-App-Testing-Release.apk}], desiredCapabilities=Capabilities {appium:app: C:\Users\91934\eclipse-work..., appium:automationName: UIAutomator2, appium:deviceName: Android emulator, platformName: ANDROID}}]
Capabilities {}">
      <![CDATA[org.openqa.selenium.SessionNotCreatedException: Could not start a new session. Response code 500. Message: An unknown server-side error occurred while processing the command. Original error: Error executing adbExec. Original error: 'Command 'C:\\Users\\91934\\AppData\\Local\\Android\\Sdk\\platform-tools\\adb.exe -P 5037 -s emulator-5554 shell 'settings delete global hidden_api_policy_pre_p_apps;settings delete global hidden_api_policy_p_apps;settings delete global hidden_api_policy'' exited with code 20'; Command output: cmd: Can't find service: settings
cmd: Can't find service: settings
cmd: Can't find service: settings

Build info: version: '4.3.0', revision: 'a4995e2c09*'
System info: host: 'PRAKASH', ip: '192.168.43.183', os.name: 'Windows 11', os.arch: 'amd64', os.version: '10.0', java.version: '11.0.17'
Driver info: io.appium.java_client.android.AndroidDriver
Command: [null, newSession {capabilities=[{appium:deviceName=Android emulator, platformName=ANDROID, appium:automationName=UIAutomator2, appium:app=C:\Users\91934\eclipse-workspace\appium\src\test\java\resources\Network-Exception-Oct-12-App-Testing-Release.apk}], desiredCapabilities=Capabilities {appium:app: C:\Users\91934\eclipse-work..., appium:automationName: UIAutomator2, appium:deviceName: Android emulator, platformName: ANDROID}}]
Capabilities {}
at org.openqa.selenium.remote.ProtocolHandshake.createSession(ProtocolHandshake.java:144)
at io.appium.java_client.remote.AppiumProtocolHandshake.createSession(AppiumProtocolHandshake.java:126)
at io.appium.java_client.remote.AppiumProtocolHandshake.createSession(AppiumProtocolHandshake.java:102)
at io.appium.java_client.remote.AppiumCommandExecutor.createSession(AppiumCommandExecutor.java:146)
at io.appium.java_client.remote.AppiumCommandExecutor.execute(AppiumCommandExecutor.java:180)
at org.openqa.selenium.remote.RemoteWebDriver.execute(RemoteWebDriver.java:569)
at io.appium.java_client.AppiumDriver.startSession(AppiumDriver.java:224)
at org.openqa.selenium.remote.RemoteWebDriver.<init>(RemoteWebDriver.java:179)
at io.appium.java_client.AppiumDriver.<init>(AppiumDriver.java:79)
at io.appium.java_client.AppiumDriver.<init>(AppiumDriver.java:87)
at io.appium.java_client.android.AndroidDriver.<init>(AndroidDriver.java:116)
at org.aapium.BasicCodesToStartApp.configuration(BasicCodesToStartApp.java:41)
at java.base/java.util.ArrayList.forEach(ArrayList.java:1541)
... Removed 29 stack frames]]>
    </failure>
  </testcase> <!-- @BeforeClass configuration -->
  <testcase classname="org.aapium.SP_AdminAssignActions" name="SPAdminFlow" time="0.0">
    <skipped/>
  </testcase> <!-- SPAdminFlow -->
  <testcase classname="org.aapium.SP_TechActions" name="TechFlow" time="0.0">
    <skipped/>
  </testcase> <!-- TechFlow -->
  <testcase classname="org.aapium.SP_AdminCompleteActions" name="SPAdminFlow" time="0.0">
    <skipped/>
  </testcase> <!-- SPAdminFlow -->
  <testcase classname="org.aapium.TD_Approve_Action" name="TDflow" time="0.0">
    <skipped/>
  </testcase> <!-- TDflow -->
</testsuite> <!-- SPFlows -->
