<?xml version="1.0" encoding="UTF-8"?>
<testng-results ignored="0" total="1" passed="1" failed="0" skipped="0">
  <reporter-output>
  </reporter-output>
  <suite started-at="2023-10-11T17:16:28 IST" name="Suite2" finished-at="2023-10-11T17:19:17 IST" duration-ms="169050">
    <groups>
    </groups>
    <test started-at="2023-10-11T17:16:28 IST" name="ReportedBy" finished-at="2023-10-11T17:19:17 IST" duration-ms="169050">
      <class name="ReportedByUser.Reported_by">
        <test-method is-config="true" signature="configuration()[pri:0, instance:ReportedByUser.Reported_by@1941a8ff]" started-at="2023-10-11T17:16:28 IST" name="configuration" finished-at="2023-10-11T17:16:57 IST" duration-ms="28664" status="PASS">
          <reporter-output>
          </reporter-output>
        </test-method> <!-- configuration -->
        <test-method signature="ReportedByUser_flow()[pri:0, instance:ReportedByUser.Reported_by@1941a8ff]" started-at="2023-10-11T17:16:57 IST" name="ReportedByUser_flow" finished-at="2023-10-11T17:19:17 IST" duration-ms="140300" status="PASS">
          <reporter-output>
          </reporter-output>
        </test-method> <!-- ReportedByUser_flow -->
      </class> <!-- ReportedByUser.Reported_by -->
    </test> <!-- ReportedBy -->
  </suite> <!-- Suite2 -->
</testng-results>
